<?xml version="1.0" encoding="UTF-8"?>
<testng-results ignored="0" total="1" passed="1" failed="0" skipped="0">
  <reporter-output>
  </reporter-output>
  <suite started-at="2022-07-14T21:58:28 IST" name="Default suite" finished-at="2022-07-14T21:59:44 IST" duration-ms="76067">
    <groups>
    </groups>
    <test started-at="2022-07-14T21:58:28 IST" name="Default test" finished-at="2022-07-14T21:59:44 IST" duration-ms="76067">
      <class name="Test.LoginTestcase">
        <test-method is-config="true" signature="callBrowser()[pri:0, instance:Test.LoginTestcase@50eac852]" started-at="2022-07-14T21:58:28 IST" name="callBrowser" finished-at="2022-07-14T21:58:57 IST" duration-ms="28853" status="PASS">
          <reporter-output>
          </reporter-output>
        </test-method> <!-- callBrowser -->
        <test-method signature="LoginPage()[pri:0, instance:Test.LoginTestcase@50eac852]" started-at="2022-07-14T21:58:57 IST" name="LoginPage" finished-at="2022-07-14T21:59:44 IST" duration-ms="47183" status="PASS">
          <reporter-output>
          </reporter-output>
        </test-method> <!-- LoginPage -->
      </class> <!-- Test.LoginTestcase -->
    </test> <!-- Default test -->
  </suite> <!-- Default suite -->
</testng-results>
